<?xml version="1.0" encoding="UTF-8"?>
<testsuite xmlns:xsi="http://www.w3.org/2001/XMLSchema-instance" xsi:noNamespaceSchemaLocation="https://maven.apache.org/surefire/maven-surefire-plugin/xsd/surefire-test-report.xsd" name="TestSuite" time="1.313" tests="1" errors="0" skipped="0" failures="0">
  <properties>
    <property name="idea.version" value="2024.1.3"/>
    <property name="java.runtime.name" value="OpenJDK Runtime Environment"/>
    <property name="sun.boot.library.path" value="/Users/zhangshichao/Library/Java/JavaVirtualMachines/azul-1.8.0_412/Contents/Home/jre/lib"/>
    <property name="java.vm.version" value="25.412-b08"/>
    <property name="gopherProxySet" value="false"/>
    <property name="jdk.vendor.version" value="Zulu 8.78.0.19-CA-macos-aarch64"/>
    <property name="java.vm.vendor" value="Azul Systems, Inc."/>
    <property name="maven.multiModuleProjectDirectory" value="/Users/zhangshichao/Documents/Workspace/dddd-autotest/interface-autotest"/>
    <property name="java.vendor.url" value="http://www.azul.com/"/>
    <property name="path.separator" value=":"/>
    <property name="guice.disable.misplaced.annotation.check" value="true"/>
    <property name="java.vm.name" value="OpenJDK 64-Bit Server VM"/>
    <property name="file.encoding.pkg" value="sun.io"/>
    <property name="user.country" value="CN"/>
    <property name="sun.java.launcher" value="SUN_STANDARD"/>
    <property name="sun.os.patch.level" value="unknown"/>
    <property name="java.vm.specification.name" value="Java Virtual Machine Specification"/>
    <property name="user.dir" value="/Users/zhangshichao/Documents/Workspace/dddd-autotest/interface-autotest"/>
    <property name="java.runtime.version" value="1.8.0_412-b08"/>
    <property name="java.awt.graphicsenv" value="sun.awt.CGraphicsEnvironment"/>
    <property name="java.endorsed.dirs" value="/Users/zhangshichao/Library/Java/JavaVirtualMachines/azul-1.8.0_412/Contents/Home/jre/lib/endorsed"/>
    <property name="os.arch" value="aarch64"/>
    <property name="java.io.tmpdir" value="/var/folders/g0/3vq7k09s0j3_9pbbwyj1d6dr0000gn/T/"/>
    <property name="line.separator" value="&#10;"/>
    <property name="java.vm.specification.vendor" value="Oracle Corporation"/>
    <property name="os.name" value="Mac OS X"/>
    <property name="maven.ext.class.path" value="/Applications/IntelliJ IDEA.app/Contents/plugins/maven/lib/maven-event-listener.jar"/>
    <property name="classworlds.conf" value="/Users/zhangshichao/Documents/Source/apache-maven-3.8.6/bin/m2.conf"/>
    <property name="sun.jnu.encoding" value="UTF-8"/>
    <property name="java.library.path" value="/Users/zhangshichao/Library/Java/Extensions:/Library/Java/Extensions:/Network/Library/Java/Extensions:/System/Library/Java/Extensions:/usr/lib/java:."/>
    <property name="jansi.passthrough" value="true"/>
    <property name="maven.conf" value="/Users/zhangshichao/Documents/Source/apache-maven-3.8.6/conf"/>
    <property name="java.specification.name" value="Java Platform API Specification"/>
    <property name="java.class.version" value="52.0"/>
    <property name="sun.management.compiler" value="HotSpot 64-Bit Tiered Compilers"/>
    <property name="maven.repo.local" value="/Users/zhangshichao/Documents/Source/maven-repository"/>
    <property name="os.version" value="14.2"/>
    <property name="user.home" value="/Users/zhangshichao"/>
    <property name="user.timezone" value="Asia/Shanghai"/>
    <property name="java.awt.printerjob" value="sun.lwawt.macosx.CPrinterJob"/>
    <property name="java.specification.version" value="1.8"/>
    <property name="file.encoding" value="UTF-8"/>
    <property name="user.name" value="zhangshichao"/>
    <property name="java.class.path" value="/Users/zhangshichao/Documents/Source/apache-maven-3.8.6/boot/plexus-classworlds.license:/Users/zhangshichao/Documents/Source/apache-maven-3.8.6/boot/plexus-classworlds-2.6.0.jar:/Applications/IntelliJ IDEA.app/Contents/lib/idea_rt.jar"/>
    <property name="java.vm.specification.version" value="1.8"/>
    <property name="sun.arch.data.model" value="64"/>
    <property name="java.home" value="/Users/zhangshichao/Library/Java/JavaVirtualMachines/azul-1.8.0_412/Contents/Home/jre"/>
    <property name="sun.java.command" value="org.codehaus.classworlds.Launcher -Didea.version=2024.1.3 -s /Users/zhangshichao/Documents/Source/apache-maven-3.8.6/conf/settings.xml -Dmaven.repo.local=/Users/zhangshichao/Documents/Source/maven-repository test"/>
    <property name="java.specification.vendor" value="Oracle Corporation"/>
    <property name="user.language" value="zh"/>
    <property name="awt.toolkit" value="sun.lwawt.macosx.LWCToolkit"/>
    <property name="java.vm.info" value="mixed mode"/>
    <property name="java.version" value="1.8.0_412"/>
    <property name="java.ext.dirs" value="/Users/zhangshichao/Library/Java/Extensions:/Users/zhangshichao/Library/Java/JavaVirtualMachines/azul-1.8.0_412/Contents/Home/jre/lib/ext:/Library/Java/Extensions:/Network/Library/Java/Extensions:/System/Library/Java/Extensions:/usr/lib/java"/>
    <property name="sun.boot.class.path" value="/Users/zhangshichao/Library/Java/JavaVirtualMachines/azul-1.8.0_412/Contents/Home/jre/lib/resources.jar:/Users/zhangshichao/Library/Java/JavaVirtualMachines/azul-1.8.0_412/Contents/Home/jre/lib/rt.jar:/Users/zhangshichao/Library/Java/JavaVirtualMachines/azul-1.8.0_412/Contents/Home/jre/lib/sunrsasign.jar:/Users/zhangshichao/Library/Java/JavaVirtualMachines/azul-1.8.0_412/Contents/Home/jre/lib/jsse.jar:/Users/zhangshichao/Library/Java/JavaVirtualMachines/azul-1.8.0_412/Contents/Home/jre/lib/jce.jar:/Users/zhangshichao/Library/Java/JavaVirtualMachines/azul-1.8.0_412/Contents/Home/jre/lib/charsets.jar:/Users/zhangshichao/Library/Java/JavaVirtualMachines/azul-1.8.0_412/Contents/Home/jre/lib/jfr.jar:/Users/zhangshichao/Library/Java/JavaVirtualMachines/azul-1.8.0_412/Contents/Home/jre/lib/cat.jar:/Users/zhangshichao/Library/Java/JavaVirtualMachines/azul-1.8.0_412/Contents/Home/jre/classes"/>
    <property name="java.vendor" value="Azul Systems, Inc."/>
    <property name="java.specification.maintenance.version" value="5"/>
    <property name="maven.home" value="/Users/zhangshichao/Documents/Source/apache-maven-3.8.6"/>
    <property name="file.separator" value="/"/>
    <property name="java.vendor.url.bug" value="http://www.azul.com/support/"/>
    <property name="sun.cpu.endian" value="little"/>
    <property name="sun.io.unicode.encoding" value="UnicodeBig"/>
    <property name="sun.cpu.isalist" value=""/>
  </properties>
  <testcase name="loginDDingDDangHR" classname="com.dddd.qa.zybh.ApiTest.SettingTest.LogoutTest" time="0.736"/>
</testsuite>